<?xml version="1.0" encoding="UTF-8"?>
<testsuite name="com.msaitodev.quiz.core.data.repository.EncryptDataTool" tests="1" skipped="0" failures="0" errors="0" timestamp="2026-03-06T08:36:54" hostname="VICTUS_MS" time="0.056">
  <properties/>
  <testcase name="encryptAllQuestions" classname="com.msaitodev.quiz.core.data.repository.EncryptDataTool" time="0.056"/>
  <system-out><![CDATA[Encryption started...
Source: C:\Users\msait\AndroidStudioProjects\caregiver-humanmed-starter\quiz-core-data\..\master_data\quiz_data
Destination: C:\Users\msait\AndroidStudioProjects\caregiver-humanmed-starter\quiz-core-data\..\app\src\main\assets\quiz_data
Encrypting: questions_01.json -> questions_01.bin
Encrypting: questions_01.json -> questions_01.bin
Encrypting: questions_01.json -> questions_01.bin
Encrypting: questions_01.json -> questions_01.bin
Encrypting: questions_01.json -> questions_01.bin
Encryption completed successfully.
]]></system-out>
  <system-err><![CDATA[]]></system-err>
</testsuite>
