<?xml version="1.0" encoding="UTF-8"?>
<testsuite name="com.msaitodev.quiz.core.domain.usecase.StartNextQuizUseCaseTest" tests="4" skipped="0" failures="0" errors="0" timestamp="2026-03-05T04:26:50" hostname="VICTUS_MS" time="0.551">
  <properties/>
  <testcase name="invoke returns ShowRewardOffer when quota exceeded for free user and reward available" classname="com.msaitodev.quiz.core.domain.usecase.StartNextQuizUseCaseTest" time="0.536"/>
  <testcase name="invoke returns QuotaExceededAndRewardUsed when reward also unavailable" classname="com.msaitodev.quiz.core.domain.usecase.StartNextQuizUseCaseTest" time="0.004"/>
  <testcase name="invoke returns CanStart when quota is available" classname="com.msaitodev.quiz.core.domain.usecase.StartNextQuizUseCaseTest" time="0.005"/>
  <testcase name="invoke returns QuotaExceeded for premium user when limit reached" classname="com.msaitodev.quiz.core.domain.usecase.StartNextQuizUseCaseTest" time="0.005"/>
  <system-out><![CDATA[]]></system-out>
  <system-err><![CDATA[]]></system-err>
</testsuite>
