<?xml version="1.0" encoding="UTF-8"?>
<testsuite name="com.msaitodev.quiz.core.domain.usecase.GetWeaknessQuestionsUseCaseTest" tests="4" skipped="0" failures="0" errors="0" timestamp="2026-03-05T04:26:50" hostname="VICTUS_MS" time="0.083">
  <properties/>
  <testcase name="execute returns questions sorted by error rate descending" classname="com.msaitodev.quiz.core.domain.usecase.GetWeaknessQuestionsUseCaseTest" time="0.069"/>
  <testcase name="execute filters by category" classname="com.msaitodev.quiz.core.domain.usecase.GetWeaknessQuestionsUseCaseTest" time="0.005"/>
  <testcase name="execute tie-breaks with timestamp descending" classname="com.msaitodev.quiz.core.domain.usecase.GetWeaknessQuestionsUseCaseTest" time="0.005"/>
  <testcase name="execute excludes questions with no incorrect answers" classname="com.msaitodev.quiz.core.domain.usecase.GetWeaknessQuestionsUseCaseTest" time="0.004"/>
  <system-out><![CDATA[]]></system-out>
  <system-err><![CDATA[]]></system-err>
</testsuite>
