<?xml version="1.0" encoding="UTF-8"?>
<testsuite name="com.msaitodev.quiz.core.domain.usecase.GetNextQuestionsUseCaseTest" tests="1" skipped="0" failures="0" errors="0" timestamp="2026-03-05T04:26:50" hostname="VICTUS_MS" time="0.024">
  <properties/>
  <testcase name="invoke - filters out seen questions and returns specified count" classname="com.msaitodev.quiz.core.domain.usecase.GetNextQuestionsUseCaseTest" time="0.024"/>
  <system-out><![CDATA[]]></system-out>
  <system-err><![CDATA[]]></system-err>
</testsuite>
