<?xml version="1.0" encoding="UTF-8"?>
<testsuite name="com.msaitodev.quiz.core.domain.ui.DailyQuestionSelectorTest" tests="3" skipped="0" failures="0" errors="0" timestamp="2026-03-05T04:26:49" hostname="VICTUS_MS" time="0.045">
  <properties/>
  <testcase name="select - returns correct number of questions" classname="com.msaitodev.quiz.core.domain.ui.DailyQuestionSelectorTest" time="0.045"/>
  <testcase name="select - returns unique questions" classname="com.msaitodev.quiz.core.domain.ui.DailyQuestionSelectorTest" time="0.0"/>
  <testcase name="select - handles count larger than list" classname="com.msaitodev.quiz.core.domain.ui.DailyQuestionSelectorTest" time="0.0"/>
  <system-out><![CDATA[]]></system-out>
  <system-err><![CDATA[]]></system-err>
</testsuite>
